The system is: Linux - 5.0.0-38-generic - x86_64
Compiling the C compiler identification source file "CMakeCCompilerId.c" succeeded.
Compiler: /home/mikz-admin/Android/Sdk/ndk/21.0.6113669/toolchains/llvm/prebuilt/linux-x86_64/bin/clang 
Build flags: 
Id flags:  

The output was:
0


Compilation of the C compiler identification source "CMakeCCompilerId.c" produced "a.out"

The C compiler identification is Clang, found in "/home/mikz-admin/Yandex.Disk/ElProArc/PVDSS/projects_linux/build-PVDSS-unknown-u041fu043e u0443u043cu043eu043bu0447u0430u043du0438u044e/CMakeFiles/3.13.4/CompilerIdC/a.out"

Compiling the CXX compiler identification source file "CMakeCXXCompilerId.cpp" succeeded.
Compiler: /home/mikz-admin/Android/Sdk/ndk/21.0.6113669/toolchains/llvm/prebuilt/linux-x86_64/bin/clang++ 
Build flags: 
Id flags:  

The output was:
0


Compilation of the CXX compiler identification source "CMakeCXXCompilerId.cpp" produced "a.out"

The CXX compiler identification is Clang, found in "/home/mikz-admin/Yandex.Disk/ElProArc/PVDSS/projects_linux/build-PVDSS-unknown-u041fu043e u0443u043cu043eu043bu0447u0430u043du0438u044e/CMakeFiles/3.13.4/CompilerIdCXX/a.out"

Determining if the C compiler works passed with the following output:
Change Dir: /home/mikz-admin/Yandex.Disk/ElProArc/PVDSS/projects_linux/build-PVDSS-unknown-u041fu043e u0443u043cu043eu043bu0447u0430u043du0438u044e/CMakeFiles/CMakeTmp

Run Build Command:"/usr/bin/make" "cmTC_f37bc/fast"
/usr/bin/make -f CMakeFiles/cmTC_f37bc.dir/build.make CMakeFiles/cmTC_f37bc.dir/build
make[1]: вход в каталог «/home/mikz-admin/Yandex.Disk/ElProArc/PVDSS/projects_linux/build-PVDSS-unknown-u041fu043e u0443u043cu043eu043bu0447u0430u043du0438u044e/CMakeFiles/CMakeTmp»
Building C object CMakeFiles/cmTC_f37bc.dir/testCCompiler.c.o
/home/mikz-admin/Android/Sdk/ndk/21.0.6113669/toolchains/llvm/prebuilt/linux-x86_64/bin/clang    -o CMakeFiles/cmTC_f37bc.dir/testCCompiler.c.o   -c "/home/mikz-admin/Yandex.Disk/ElProArc/PVDSS/projects_linux/build-PVDSS-unknown-u041fu043e u0443u043cu043eu043bu0447u0430u043du0438u044e/CMakeFiles/CMakeTmp/testCCompiler.c"
Linking C executable cmTC_f37bc
/usr/bin/cmake -E cmake_link_script CMakeFiles/cmTC_f37bc.dir/link.txt --verbose=1
/home/mikz-admin/Android/Sdk/ndk/21.0.6113669/toolchains/llvm/prebuilt/linux-x86_64/bin/clang      -rdynamic CMakeFiles/cmTC_f37bc.dir/testCCompiler.c.o  -o cmTC_f37bc 
make[1]: выход из каталога «/home/mikz-admin/Yandex.Disk/ElProArc/PVDSS/projects_linux/build-PVDSS-unknown-u041fu043e u0443u043cu043eu043bu0447u0430u043du0438u044e/CMakeFiles/CMakeTmp»


Detecting C compiler ABI info compiled with the following output:
Change Dir: /home/mikz-admin/Yandex.Disk/ElProArc/PVDSS/projects_linux/build-PVDSS-unknown-u041fu043e u0443u043cu043eu043bu0447u0430u043du0438u044e/CMakeFiles/CMakeTmp

Run Build Command:"/usr/bin/make" "cmTC_43576/fast"
/usr/bin/make -f CMakeFiles/cmTC_43576.dir/build.make CMakeFiles/cmTC_43576.dir/build
make[1]: вход в каталог «/home/mikz-admin/Yandex.Disk/ElProArc/PVDSS/projects_linux/build-PVDSS-unknown-u041fu043e u0443u043cu043eu043bu0447u0430u043du0438u044e/CMakeFiles/CMakeTmp»
Building C object CMakeFiles/cmTC_43576.dir/CMakeCCompilerABI.c.o
/home/mikz-admin/Android/Sdk/ndk/21.0.6113669/toolchains/llvm/prebuilt/linux-x86_64/bin/clang    -o CMakeFiles/cmTC_43576.dir/CMakeCCompilerABI.c.o   -c /usr/share/cmake-3.13/Modules/CMakeCCompilerABI.c
Linking C executable cmTC_43576
/usr/bin/cmake -E cmake_link_script CMakeFiles/cmTC_43576.dir/link.txt --verbose=1
/home/mikz-admin/Android/Sdk/ndk/21.0.6113669/toolchains/llvm/prebuilt/linux-x86_64/bin/clang     -v -rdynamic CMakeFiles/cmTC_43576.dir/CMakeCCompilerABI.c.o  -o cmTC_43576 
Android (5900059 based on r365631c) clang version 9.0.8 (https://android.googlesource.com/toolchain/llvm-project 207d7abc1a2abf3ef8d4301736d6a7ebc224a290) (based on LLVM 9.0.8svn)
Target: x86_64-unknown-linux-gnu
Thread model: posix
InstalledDir: /home/mikz-admin/Android/Sdk/ndk/21.0.6113669/toolchains/llvm/prebuilt/linux-x86_64/bin
Found candidate GCC installation: /home/mikz-admin/Android/Sdk/ndk/21.0.6113669/toolchains/llvm/prebuilt/linux-x86_64/bin/../lib/gcc/i686-linux-android/4.9.x
Found candidate GCC installation: /home/mikz-admin/Android/Sdk/ndk/21.0.6113669/toolchains/llvm/prebuilt/linux-x86_64/bin/../lib/gcc/x86_64-linux-android/4.9.x
Found candidate GCC installation: /usr/lib/gcc/i686-linux-gnu/9
Found candidate GCC installation: /usr/lib/gcc/x86_64-linux-gnu/8
Found candidate GCC installation: /usr/lib/gcc/x86_64-linux-gnu/9
Selected GCC installation: /usr/lib/gcc/x86_64-linux-gnu/8
Candidate multilib: .;@m64
Selected multilib: .;@m64
 "/usr/bin/ld" -export-dynamic -z relro --hash-style=gnu --eh-frame-hdr -m elf_x86_64 -export-dynamic -dynamic-linker /lib64/ld-linux-x86-64.so.2 -o cmTC_43576 /usr/lib/gcc/x86_64-linux-gnu/8/../../../x86_64-linux-gnu/crt1.o /usr/lib/gcc/x86_64-linux-gnu/8/../../../x86_64-linux-gnu/crti.o /usr/lib/gcc/x86_64-linux-gnu/8/crtbegin.o -L/home/mikz-admin/Android/Sdk/ndk/21.0.6113669/toolchains/llvm/prebuilt/linux-x86_64/lib64/clang/9.0.8/lib/linux/x86_64 -L/usr/lib/gcc/x86_64-linux-gnu/8 -L/usr/lib/gcc/x86_64-linux-gnu/8/../../../x86_64-linux-gnu -L/usr/lib/gcc/x86_64-linux-gnu/8/../../../../lib64 -L/home/mikz-admin/Android/Sdk/ndk/21.0.6113669/toolchains/llvm/prebuilt/linux-x86_64/bin/../lib64 -L/lib/x86_64-linux-gnu -L/lib/../lib64 -L/usr/lib/x86_64-linux-gnu -L/usr/lib/../lib64 -L/usr/lib/x86_64-linux-gnu/../../lib64 -L/usr/lib/gcc/x86_64-linux-gnu/8/../../.. -L/home/mikz-admin/Android/Sdk/ndk/21.0.6113669/toolchains/llvm/prebuilt/linux-x86_64/bin/../lib -L/lib -L/usr/lib CMakeFiles/cmTC_43576.dir/CMakeCCompilerABI.c.o -lgcc --as-needed -lgcc_s --no-as-needed -lc -lgcc --as-needed -lgcc_s --no-as-needed /usr/lib/gcc/x86_64-linux-gnu/8/crtend.o /usr/lib/gcc/x86_64-linux-gnu/8/../../../x86_64-linux-gnu/crtn.o
make[1]: выход из каталога «/home/mikz-admin/Yandex.Disk/ElProArc/PVDSS/projects_linux/build-PVDSS-unknown-u041fu043e u0443u043cu043eu043bu0447u0430u043du0438u044e/CMakeFiles/CMakeTmp»


Parsed C implicit link information from above output:
  link line regex: [^( *|.*[/\])(ld|CMAKE_LINK_STARTFILE-NOTFOUND|([^/\]+-)?ld|collect2)[^/\]*( |$)]
  ignore line: [Change Dir: /home/mikz-admin/Yandex.Disk/ElProArc/PVDSS/projects_linux/build-PVDSS-unknown-u041fu043e u0443u043cu043eu043bu0447u0430u043du0438u044e/CMakeFiles/CMakeTmp]
  ignore line: []
  ignore line: [Run Build Command:"/usr/bin/make" "cmTC_43576/fast"]
  ignore line: [/usr/bin/make -f CMakeFiles/cmTC_43576.dir/build.make CMakeFiles/cmTC_43576.dir/build]
  ignore line: [make[1]: вход в каталог «/home/mikz-admin/Yandex.Disk/ElProArc/PVDSS/projects_linux/build-PVDSS-unknown-u041fu043e u0443u043cu043eu043bu0447u0430u043du0438u044e/CMakeFiles/CMakeTmp»]
  ignore line: [Building C object CMakeFiles/cmTC_43576.dir/CMakeCCompilerABI.c.o]
  ignore line: [/home/mikz-admin/Android/Sdk/ndk/21.0.6113669/toolchains/llvm/prebuilt/linux-x86_64/bin/clang    -o CMakeFiles/cmTC_43576.dir/CMakeCCompilerABI.c.o   -c /usr/share/cmake-3.13/Modules/CMakeCCompilerABI.c]
  ignore line: [Linking C executable cmTC_43576]
  ignore line: [/usr/bin/cmake -E cmake_link_script CMakeFiles/cmTC_43576.dir/link.txt --verbose=1]
  ignore line: [/home/mikz-admin/Android/Sdk/ndk/21.0.6113669/toolchains/llvm/prebuilt/linux-x86_64/bin/clang     -v -rdynamic CMakeFiles/cmTC_43576.dir/CMakeCCompilerABI.c.o  -o cmTC_43576 ]
  ignore line: [Android (5900059 based on r365631c) clang version 9.0.8 (https://android.googlesource.com/toolchain/llvm-project 207d7abc1a2abf3ef8d4301736d6a7ebc224a290) (based on LLVM 9.0.8svn)]
  ignore line: [Target: x86_64-unknown-linux-gnu]
  ignore line: [Thread model: posix]
  ignore line: [InstalledDir: /home/mikz-admin/Android/Sdk/ndk/21.0.6113669/toolchains/llvm/prebuilt/linux-x86_64/bin]
  ignore line: [Found candidate GCC installation: /home/mikz-admin/Android/Sdk/ndk/21.0.6113669/toolchains/llvm/prebuilt/linux-x86_64/bin/../lib/gcc/i686-linux-android/4.9.x]
  ignore line: [Found candidate GCC installation: /home/mikz-admin/Android/Sdk/ndk/21.0.6113669/toolchains/llvm/prebuilt/linux-x86_64/bin/../lib/gcc/x86_64-linux-android/4.9.x]
  ignore line: [Found candidate GCC installation: /usr/lib/gcc/i686-linux-gnu/9]
  ignore line: [Found candidate GCC installation: /usr/lib/gcc/x86_64-linux-gnu/8]
  ignore line: [Found candidate GCC installation: /usr/lib/gcc/x86_64-linux-gnu/9]
  ignore line: [Selected GCC installation: /usr/lib/gcc/x86_64-linux-gnu/8]
  ignore line: [Candidate multilib: .]
  ignore line: [@m64]
  ignore line: [Selected multilib: .]
  ignore line: [@m64]
  link line: [ "/usr/bin/ld" -export-dynamic -z relro --hash-style=gnu --eh-frame-hdr -m elf_x86_64 -export-dynamic -dynamic-linker /lib64/ld-linux-x86-64.so.2 -o cmTC_43576 /usr/lib/gcc/x86_64-linux-gnu/8/../../../x86_64-linux-gnu/crt1.o /usr/lib/gcc/x86_64-linux-gnu/8/../../../x86_64-linux-gnu/crti.o /usr/lib/gcc/x86_64-linux-gnu/8/crtbegin.o -L/home/mikz-admin/Android/Sdk/ndk/21.0.6113669/toolchains/llvm/prebuilt/linux-x86_64/lib64/clang/9.0.8/lib/linux/x86_64 -L/usr/lib/gcc/x86_64-linux-gnu/8 -L/usr/lib/gcc/x86_64-linux-gnu/8/../../../x86_64-linux-gnu -L/usr/lib/gcc/x86_64-linux-gnu/8/../../../../lib64 -L/home/mikz-admin/Android/Sdk/ndk/21.0.6113669/toolchains/llvm/prebuilt/linux-x86_64/bin/../lib64 -L/lib/x86_64-linux-gnu -L/lib/../lib64 -L/usr/lib/x86_64-linux-gnu -L/usr/lib/../lib64 -L/usr/lib/x86_64-linux-gnu/../../lib64 -L/usr/lib/gcc/x86_64-linux-gnu/8/../../.. -L/home/mikz-admin/Android/Sdk/ndk/21.0.6113669/toolchains/llvm/prebuilt/linux-x86_64/bin/../lib -L/lib -L/usr/lib CMakeFiles/cmTC_43576.dir/CMakeCCompilerABI.c.o -lgcc --as-needed -lgcc_s --no-as-needed -lc -lgcc --as-needed -lgcc_s --no-as-needed /usr/lib/gcc/x86_64-linux-gnu/8/crtend.o /usr/lib/gcc/x86_64-linux-gnu/8/../../../x86_64-linux-gnu/crtn.o]
    arg [/usr/bin/ld] ==> ignore
    arg [-export-dynamic] ==> ignore
    arg [-zrelro] ==> ignore
    arg [--hash-style=gnu] ==> ignore
    arg [--eh-frame-hdr] ==> ignore
    arg [-m] ==> ignore
    arg [elf_x86_64] ==> ignore
    arg [-export-dynamic] ==> ignore
    arg [-dynamic-linker] ==> ignore
    arg [/lib64/ld-linux-x86-64.so.2] ==> ignore
    arg [-o] ==> ignore
    arg [cmTC_43576] ==> ignore
    arg [/usr/lib/gcc/x86_64-linux-gnu/8/../../../x86_64-linux-gnu/crt1.o] ==> ignore
    arg [/usr/lib/gcc/x86_64-linux-gnu/8/../../../x86_64-linux-gnu/crti.o] ==> ignore
    arg [/usr/lib/gcc/x86_64-linux-gnu/8/crtbegin.o] ==> ignore
    arg [-L/home/mikz-admin/Android/Sdk/ndk/21.0.6113669/toolchains/llvm/prebuilt/linux-x86_64/lib64/clang/9.0.8/lib/linux/x86_64] ==> dir [/home/mikz-admin/Android/Sdk/ndk/21.0.6113669/toolchains/llvm/prebuilt/linux-x86_64/lib64/clang/9.0.8/lib/linux/x86_64]
    arg [-L/usr/lib/gcc/x86_64-linux-gnu/8] ==> dir [/usr/lib/gcc/x86_64-linux-gnu/8]
    arg [-L/usr/lib/gcc/x86_64-linux-gnu/8/../../../x86_64-linux-gnu] ==> dir [/usr/lib/gcc/x86_64-linux-gnu/8/../../../x86_64-linux-gnu]
    arg [-L/usr/lib/gcc/x86_64-linux-gnu/8/../../../../lib64] ==> dir [/usr/lib/gcc/x86_64-linux-gnu/8/../../../../lib64]
    arg [-L/home/mikz-admin/Android/Sdk/ndk/21.0.6113669/toolchains/llvm/prebuilt/linux-x86_64/bin/../lib64] ==> dir [/home/mikz-admin/Android/Sdk/ndk/21.0.6113669/toolchains/llvm/prebuilt/linux-x86_64/bin/../lib64]
    arg [-L/lib/x86_64-linux-gnu] ==> dir [/lib/x86_64-linux-gnu]
    arg [-L/lib/../lib64] ==> dir [/lib/../lib64]
    arg [-L/usr/lib/x86_64-linux-gnu] ==> dir [/usr/lib/x86_64-linux-gnu]
    arg [-L/usr/lib/../lib64] ==> dir [/usr/lib/../lib64]
    arg [-L/usr/lib/x86_64-linux-gnu/../../lib64] ==> dir [/usr/lib/x86_64-linux-gnu/../../lib64]
    arg [-L/usr/lib/gcc/x86_64-linux-gnu/8/../../..] ==> dir [/usr/lib/gcc/x86_64-linux-gnu/8/../../..]
    arg [-L/home/mikz-admin/Android/Sdk/ndk/21.0.6113669/toolchains/llvm/prebuilt/linux-x86_64/bin/../lib] ==> dir [/home/mikz-admin/Android/Sdk/ndk/21.0.6113669/toolchains/llvm/prebuilt/linux-x86_64/bin/../lib]
    arg [-L/lib] ==> dir [/lib]
    arg [-L/usr/lib] ==> dir [/usr/lib]
    arg [CMakeFiles/cmTC_43576.dir/CMakeCCompilerABI.c.o] ==> ignore
    arg [-lgcc] ==> lib [gcc]
    arg [--as-needed] ==> ignore
    arg [-lgcc_s] ==> lib [gcc_s]
    arg [--no-as-needed] ==> ignore
    arg [-lc] ==> lib [c]
    arg [-lgcc] ==> lib [gcc]
    arg [--as-needed] ==> ignore
    arg [-lgcc_s] ==> lib [gcc_s]
    arg [--no-as-needed] ==> ignore
    arg [/usr/lib/gcc/x86_64-linux-gnu/8/crtend.o] ==> ignore
    arg [/usr/lib/gcc/x86_64-linux-gnu/8/../../../x86_64-linux-gnu/crtn.o] ==> ignore
  collapse library dir [/home/mikz-admin/Android/Sdk/ndk/21.0.6113669/toolchains/llvm/prebuilt/linux-x86_64/lib64/clang/9.0.8/lib/linux/x86_64] ==> [/home/mikz-admin/Android/Sdk/ndk/21.0.6113669/toolchains/llvm/prebuilt/linux-x86_64/lib64/clang/9.0.8/lib/linux/x86_64]
  collapse library dir [/usr/lib/gcc/x86_64-linux-gnu/8] ==> [/usr/lib/gcc/x86_64-linux-gnu/8]
  collapse library dir [/usr/lib/gcc/x86_64-linux-gnu/8/../../../x86_64-linux-gnu] ==> [/usr/lib/x86_64-linux-gnu]
  collapse library dir [/usr/lib/gcc/x86_64-linux-gnu/8/../../../../lib64] ==> [/usr/lib64]
  collapse library dir [/home/mikz-admin/Android/Sdk/ndk/21.0.6113669/toolchains/llvm/prebuilt/linux-x86_64/bin/../lib64] ==> [/home/mikz-admin/Android/Sdk/ndk/21.0.6113669/toolchains/llvm/prebuilt/linux-x86_64/lib64]
  collapse library dir [/lib/x86_64-linux-gnu] ==> [/lib/x86_64-linux-gnu]
  collapse library dir [/lib/../lib64] ==> [/lib64]
  collapse library dir [/usr/lib/x86_64-linux-gnu] ==> [/usr/lib/x86_64-linux-gnu]
  collapse library dir [/usr/lib/../lib64] ==> [/usr/lib64]
  collapse library dir [/usr/lib/x86_64-linux-gnu/../../lib64] ==> [/usr/lib64]
  collapse library dir [/usr/lib/gcc/x86_64-linux-gnu/8/../../..] ==> [/usr/lib]
  collapse library dir [/home/mikz-admin/Android/Sdk/ndk/21.0.6113669/toolchains/llvm/prebuilt/linux-x86_64/bin/../lib] ==> [/home/mikz-admin/Android/Sdk/ndk/21.0.6113669/toolchains/llvm/prebuilt/linux-x86_64/lib]
  collapse library dir [/lib] ==> [/lib]
  collapse library dir [/usr/lib] ==> [/usr/lib]
  implicit libs: [gcc;gcc_s;c;gcc;gcc_s]
  implicit dirs: [/home/mikz-admin/Android/Sdk/ndk/21.0.6113669/toolchains/llvm/prebuilt/linux-x86_64/lib64/clang/9.0.8/lib/linux/x86_64;/usr/lib/gcc/x86_64-linux-gnu/8;/usr/lib/x86_64-linux-gnu;/usr/lib64;/home/mikz-admin/Android/Sdk/ndk/21.0.6113669/toolchains/llvm/prebuilt/linux-x86_64/lib64;/lib/x86_64-linux-gnu;/lib64;/usr/lib;/home/mikz-admin/Android/Sdk/ndk/21.0.6113669/toolchains/llvm/prebuilt/linux-x86_64/lib;/lib]
  implicit fwks: []




Detecting C [-std=c11] compiler features compiled with the following output:
Change Dir: /home/mikz-admin/Yandex.Disk/ElProArc/PVDSS/projects_linux/build-PVDSS-unknown-u041fu043e u0443u043cu043eu043bu0447u0430u043du0438u044e/CMakeFiles/CMakeTmp

Run Build Command:"/usr/bin/make" "cmTC_41758/fast"
/usr/bin/make -f CMakeFiles/cmTC_41758.dir/build.make CMakeFiles/cmTC_41758.dir/build
make[1]: вход в каталог «/home/mikz-admin/Yandex.Disk/ElProArc/PVDSS/projects_linux/build-PVDSS-unknown-u041fu043e u0443u043cu043eu043bu0447u0430u043du0438u044e/CMakeFiles/CMakeTmp»
Building C object CMakeFiles/cmTC_41758.dir/feature_tests.c.o
/home/mikz-admin/Android/Sdk/ndk/21.0.6113669/toolchains/llvm/prebuilt/linux-x86_64/bin/clang   -std=c11 -o CMakeFiles/cmTC_41758.dir/feature_tests.c.o   -c "/home/mikz-admin/Yandex.Disk/ElProArc/PVDSS/projects_linux/build-PVDSS-unknown-u041fu043e u0443u043cu043eu043bu0447u0430u043du0438u044e/CMakeFiles/feature_tests.c"
Linking C executable cmTC_41758
/usr/bin/cmake -E cmake_link_script CMakeFiles/cmTC_41758.dir/link.txt --verbose=1
/home/mikz-admin/Android/Sdk/ndk/21.0.6113669/toolchains/llvm/prebuilt/linux-x86_64/bin/clang      -rdynamic CMakeFiles/cmTC_41758.dir/feature_tests.c.o  -o cmTC_41758 
make[1]: выход из каталога «/home/mikz-admin/Yandex.Disk/ElProArc/PVDSS/projects_linux/build-PVDSS-unknown-u041fu043e u0443u043cu043eu043bu0447u0430u043du0438u044e/CMakeFiles/CMakeTmp»


    Feature record: C_FEATURE:1c_function_prototypes
    Feature record: C_FEATURE:1c_restrict
    Feature record: C_FEATURE:1c_static_assert
    Feature record: C_FEATURE:1c_variadic_macros


Detecting C [-std=c99] compiler features compiled with the following output:
Change Dir: /home/mikz-admin/Yandex.Disk/ElProArc/PVDSS/projects_linux/build-PVDSS-unknown-u041fu043e u0443u043cu043eu043bu0447u0430u043du0438u044e/CMakeFiles/CMakeTmp

Run Build Command:"/usr/bin/make" "cmTC_efbec/fast"
/usr/bin/make -f CMakeFiles/cmTC_efbec.dir/build.make CMakeFiles/cmTC_efbec.dir/build
make[1]: вход в каталог «/home/mikz-admin/Yandex.Disk/ElProArc/PVDSS/projects_linux/build-PVDSS-unknown-u041fu043e u0443u043cu043eu043bu0447u0430u043du0438u044e/CMakeFiles/CMakeTmp»
Building C object CMakeFiles/cmTC_efbec.dir/feature_tests.c.o
/home/mikz-admin/Android/Sdk/ndk/21.0.6113669/toolchains/llvm/prebuilt/linux-x86_64/bin/clang   -std=c99 -o CMakeFiles/cmTC_efbec.dir/feature_tests.c.o   -c "/home/mikz-admin/Yandex.Disk/ElProArc/PVDSS/projects_linux/build-PVDSS-unknown-u041fu043e u0443u043cu043eu043bu0447u0430u043du0438u044e/CMakeFiles/feature_tests.c"
Linking C executable cmTC_efbec
/usr/bin/cmake -E cmake_link_script CMakeFiles/cmTC_efbec.dir/link.txt --verbose=1
/home/mikz-admin/Android/Sdk/ndk/21.0.6113669/toolchains/llvm/prebuilt/linux-x86_64/bin/clang      -rdynamic CMakeFiles/cmTC_efbec.dir/feature_tests.c.o  -o cmTC_efbec 
make[1]: выход из каталога «/home/mikz-admin/Yandex.Disk/ElProArc/PVDSS/projects_linux/build-PVDSS-unknown-u041fu043e u0443u043cu043eu043bu0447u0430u043du0438u044e/CMakeFiles/CMakeTmp»


    Feature record: C_FEATURE:1c_function_prototypes
    Feature record: C_FEATURE:1c_restrict
    Feature record: C_FEATURE:0c_static_assert
    Feature record: C_FEATURE:1c_variadic_macros


Detecting C [-std=c90] compiler features compiled with the following output:
Change Dir: /home/mikz-admin/Yandex.Disk/ElProArc/PVDSS/projects_linux/build-PVDSS-unknown-u041fu043e u0443u043cu043eu043bu0447u0430u043du0438u044e/CMakeFiles/CMakeTmp

Run Build Command:"/usr/bin/make" "cmTC_24e8b/fast"
/usr/bin/make -f CMakeFiles/cmTC_24e8b.dir/build.make CMakeFiles/cmTC_24e8b.dir/build
make[1]: вход в каталог «/home/mikz-admin/Yandex.Disk/ElProArc/PVDSS/projects_linux/build-PVDSS-unknown-u041fu043e u0443u043cu043eu043bu0447u0430u043du0438u044e/CMakeFiles/CMakeTmp»
Building C object CMakeFiles/cmTC_24e8b.dir/feature_tests.c.o
/home/mikz-admin/Android/Sdk/ndk/21.0.6113669/toolchains/llvm/prebuilt/linux-x86_64/bin/clang   -std=c90 -o CMakeFiles/cmTC_24e8b.dir/feature_tests.c.o   -c "/home/mikz-admin/Yandex.Disk/ElProArc/PVDSS/projects_linux/build-PVDSS-unknown-u041fu043e u0443u043cu043eu043bu0447u0430u043du0438u044e/CMakeFiles/feature_tests.c"
Linking C executable cmTC_24e8b
/usr/bin/cmake -E cmake_link_script CMakeFiles/cmTC_24e8b.dir/link.txt --verbose=1
/home/mikz-admin/Android/Sdk/ndk/21.0.6113669/toolchains/llvm/prebuilt/linux-x86_64/bin/clang      -rdynamic CMakeFiles/cmTC_24e8b.dir/feature_tests.c.o  -o cmTC_24e8b 
make[1]: выход из каталога «/home/mikz-admin/Yandex.Disk/ElProArc/PVDSS/projects_linux/build-PVDSS-unknown-u041fu043e u0443u043cu043eu043bu0447u0430u043du0438u044e/CMakeFiles/CMakeTmp»


    Feature record: C_FEATURE:1c_function_prototypes
    Feature record: C_FEATURE:0c_restrict
    Feature record: C_FEATURE:0c_static_assert
    Feature record: C_FEATURE:0c_variadic_macros
Determining if the CXX compiler works passed with the following output:
Change Dir: /home/mikz-admin/Yandex.Disk/ElProArc/PVDSS/projects_linux/build-PVDSS-unknown-u041fu043e u0443u043cu043eu043bu0447u0430u043du0438u044e/CMakeFiles/CMakeTmp

Run Build Command:"/usr/bin/make" "cmTC_e8dc5/fast"
/usr/bin/make -f CMakeFiles/cmTC_e8dc5.dir/build.make CMakeFiles/cmTC_e8dc5.dir/build
make[1]: вход в каталог «/home/mikz-admin/Yandex.Disk/ElProArc/PVDSS/projects_linux/build-PVDSS-unknown-u041fu043e u0443u043cu043eu043bu0447u0430u043du0438u044e/CMakeFiles/CMakeTmp»
Building CXX object CMakeFiles/cmTC_e8dc5.dir/testCXXCompiler.cxx.o
/home/mikz-admin/Android/Sdk/ndk/21.0.6113669/toolchains/llvm/prebuilt/linux-x86_64/bin/clang++     -o CMakeFiles/cmTC_e8dc5.dir/testCXXCompiler.cxx.o -c "/home/mikz-admin/Yandex.Disk/ElProArc/PVDSS/projects_linux/build-PVDSS-unknown-u041fu043e u0443u043cu043eu043bu0447u0430u043du0438u044e/CMakeFiles/CMakeTmp/testCXXCompiler.cxx"
Linking CXX executable cmTC_e8dc5
/usr/bin/cmake -E cmake_link_script CMakeFiles/cmTC_e8dc5.dir/link.txt --verbose=1
/home/mikz-admin/Android/Sdk/ndk/21.0.6113669/toolchains/llvm/prebuilt/linux-x86_64/bin/clang++       -rdynamic CMakeFiles/cmTC_e8dc5.dir/testCXXCompiler.cxx.o  -o cmTC_e8dc5 
make[1]: выход из каталога «/home/mikz-admin/Yandex.Disk/ElProArc/PVDSS/projects_linux/build-PVDSS-unknown-u041fu043e u0443u043cu043eu043bu0447u0430u043du0438u044e/CMakeFiles/CMakeTmp»


Detecting CXX compiler ABI info compiled with the following output:
Change Dir: /home/mikz-admin/Yandex.Disk/ElProArc/PVDSS/projects_linux/build-PVDSS-unknown-u041fu043e u0443u043cu043eu043bu0447u0430u043du0438u044e/CMakeFiles/CMakeTmp

Run Build Command:"/usr/bin/make" "cmTC_be313/fast"
/usr/bin/make -f CMakeFiles/cmTC_be313.dir/build.make CMakeFiles/cmTC_be313.dir/build
make[1]: вход в каталог «/home/mikz-admin/Yandex.Disk/ElProArc/PVDSS/projects_linux/build-PVDSS-unknown-u041fu043e u0443u043cu043eu043bu0447u0430u043du0438u044e/CMakeFiles/CMakeTmp»
Building CXX object CMakeFiles/cmTC_be313.dir/CMakeCXXCompilerABI.cpp.o
/home/mikz-admin/Android/Sdk/ndk/21.0.6113669/toolchains/llvm/prebuilt/linux-x86_64/bin/clang++     -o CMakeFiles/cmTC_be313.dir/CMakeCXXCompilerABI.cpp.o -c /usr/share/cmake-3.13/Modules/CMakeCXXCompilerABI.cpp
Linking CXX executable cmTC_be313
/usr/bin/cmake -E cmake_link_script CMakeFiles/cmTC_be313.dir/link.txt --verbose=1
/home/mikz-admin/Android/Sdk/ndk/21.0.6113669/toolchains/llvm/prebuilt/linux-x86_64/bin/clang++      -v -rdynamic CMakeFiles/cmTC_be313.dir/CMakeCXXCompilerABI.cpp.o  -o cmTC_be313 
Android (5900059 based on r365631c) clang version 9.0.8 (https://android.googlesource.com/toolchain/llvm-project 207d7abc1a2abf3ef8d4301736d6a7ebc224a290) (based on LLVM 9.0.8svn)
Target: x86_64-unknown-linux-gnu
Thread model: posix
InstalledDir: /home/mikz-admin/Android/Sdk/ndk/21.0.6113669/toolchains/llvm/prebuilt/linux-x86_64/bin
Found candidate GCC installation: /home/mikz-admin/Android/Sdk/ndk/21.0.6113669/toolchains/llvm/prebuilt/linux-x86_64/bin/../lib/gcc/i686-linux-android/4.9.x
Found candidate GCC installation: /home/mikz-admin/Android/Sdk/ndk/21.0.6113669/toolchains/llvm/prebuilt/linux-x86_64/bin/../lib/gcc/x86_64-linux-android/4.9.x
Found candidate GCC installation: /usr/lib/gcc/i686-linux-gnu/9
Found candidate GCC installation: /usr/lib/gcc/x86_64-linux-gnu/8
Found candidate GCC installation: /usr/lib/gcc/x86_64-linux-gnu/9
Selected GCC installation: /usr/lib/gcc/x86_64-linux-gnu/8
Candidate multilib: .;@m64
Selected multilib: .;@m64
 "/usr/bin/ld" -export-dynamic -z relro --hash-style=gnu --eh-frame-hdr -m elf_x86_64 -export-dynamic -dynamic-linker /lib64/ld-linux-x86-64.so.2 -o cmTC_be313 /usr/lib/gcc/x86_64-linux-gnu/8/../../../x86_64-linux-gnu/crt1.o /usr/lib/gcc/x86_64-linux-gnu/8/../../../x86_64-linux-gnu/crti.o /usr/lib/gcc/x86_64-linux-gnu/8/crtbegin.o -L/home/mikz-admin/Android/Sdk/ndk/21.0.6113669/toolchains/llvm/prebuilt/linux-x86_64/lib64/clang/9.0.8/lib/linux/x86_64 -L/usr/lib/gcc/x86_64-linux-gnu/8 -L/usr/lib/gcc/x86_64-linux-gnu/8/../../../x86_64-linux-gnu -L/usr/lib/gcc/x86_64-linux-gnu/8/../../../../lib64 -L/home/mikz-admin/Android/Sdk/ndk/21.0.6113669/toolchains/llvm/prebuilt/linux-x86_64/bin/../lib64 -L/lib/x86_64-linux-gnu -L/lib/../lib64 -L/usr/lib/x86_64-linux-gnu -L/usr/lib/../lib64 -L/usr/lib/x86_64-linux-gnu/../../lib64 -L/usr/lib/gcc/x86_64-linux-gnu/8/../../.. -L/home/mikz-admin/Android/Sdk/ndk/21.0.6113669/toolchains/llvm/prebuilt/linux-x86_64/bin/../lib -L/lib -L/usr/lib CMakeFiles/cmTC_be313.dir/CMakeCXXCompilerABI.cpp.o -lstdc++ -lm -lgcc_s -lgcc -lc -lgcc_s -lgcc /usr/lib/gcc/x86_64-linux-gnu/8/crtend.o /usr/lib/gcc/x86_64-linux-gnu/8/../../../x86_64-linux-gnu/crtn.o
make[1]: выход из каталога «/home/mikz-admin/Yandex.Disk/ElProArc/PVDSS/projects_linux/build-PVDSS-unknown-u041fu043e u0443u043cu043eu043bu0447u0430u043du0438u044e/CMakeFiles/CMakeTmp»


Parsed CXX implicit link information from above output:
  link line regex: [^( *|.*[/\])(ld|CMAKE_LINK_STARTFILE-NOTFOUND|([^/\]+-)?ld|collect2)[^/\]*( |$)]
  ignore line: [Change Dir: /home/mikz-admin/Yandex.Disk/ElProArc/PVDSS/projects_linux/build-PVDSS-unknown-u041fu043e u0443u043cu043eu043bu0447u0430u043du0438u044e/CMakeFiles/CMakeTmp]
  ignore line: []
  ignore line: [Run Build Command:"/usr/bin/make" "cmTC_be313/fast"]
  ignore line: [/usr/bin/make -f CMakeFiles/cmTC_be313.dir/build.make CMakeFiles/cmTC_be313.dir/build]
  ignore line: [make[1]: вход в каталог «/home/mikz-admin/Yandex.Disk/ElProArc/PVDSS/projects_linux/build-PVDSS-unknown-u041fu043e u0443u043cu043eu043bu0447u0430u043du0438u044e/CMakeFiles/CMakeTmp»]
  ignore line: [Building CXX object CMakeFiles/cmTC_be313.dir/CMakeCXXCompilerABI.cpp.o]
  ignore line: [/home/mikz-admin/Android/Sdk/ndk/21.0.6113669/toolchains/llvm/prebuilt/linux-x86_64/bin/clang++     -o CMakeFiles/cmTC_be313.dir/CMakeCXXCompilerABI.cpp.o -c /usr/share/cmake-3.13/Modules/CMakeCXXCompilerABI.cpp]
  ignore line: [Linking CXX executable cmTC_be313]
  ignore line: [/usr/bin/cmake -E cmake_link_script CMakeFiles/cmTC_be313.dir/link.txt --verbose=1]
  ignore line: [/home/mikz-admin/Android/Sdk/ndk/21.0.6113669/toolchains/llvm/prebuilt/linux-x86_64/bin/clang++      -v -rdynamic CMakeFiles/cmTC_be313.dir/CMakeCXXCompilerABI.cpp.o  -o cmTC_be313 ]
  ignore line: [Android (5900059 based on r365631c) clang version 9.0.8 (https://android.googlesource.com/toolchain/llvm-project 207d7abc1a2abf3ef8d4301736d6a7ebc224a290) (based on LLVM 9.0.8svn)]
  ignore line: [Target: x86_64-unknown-linux-gnu]
  ignore line: [Thread model: posix]
  ignore line: [InstalledDir: /home/mikz-admin/Android/Sdk/ndk/21.0.6113669/toolchains/llvm/prebuilt/linux-x86_64/bin]
  ignore line: [Found candidate GCC installation: /home/mikz-admin/Android/Sdk/ndk/21.0.6113669/toolchains/llvm/prebuilt/linux-x86_64/bin/../lib/gcc/i686-linux-android/4.9.x]
  ignore line: [Found candidate GCC installation: /home/mikz-admin/Android/Sdk/ndk/21.0.6113669/toolchains/llvm/prebuilt/linux-x86_64/bin/../lib/gcc/x86_64-linux-android/4.9.x]
  ignore line: [Found candidate GCC installation: /usr/lib/gcc/i686-linux-gnu/9]
  ignore line: [Found candidate GCC installation: /usr/lib/gcc/x86_64-linux-gnu/8]
  ignore line: [Found candidate GCC installation: /usr/lib/gcc/x86_64-linux-gnu/9]
  ignore line: [Selected GCC installation: /usr/lib/gcc/x86_64-linux-gnu/8]
  ignore line: [Candidate multilib: .]
  ignore line: [@m64]
  ignore line: [Selected multilib: .]
  ignore line: [@m64]
  link line: [ "/usr/bin/ld" -export-dynamic -z relro --hash-style=gnu --eh-frame-hdr -m elf_x86_64 -export-dynamic -dynamic-linker /lib64/ld-linux-x86-64.so.2 -o cmTC_be313 /usr/lib/gcc/x86_64-linux-gnu/8/../../../x86_64-linux-gnu/crt1.o /usr/lib/gcc/x86_64-linux-gnu/8/../../../x86_64-linux-gnu/crti.o /usr/lib/gcc/x86_64-linux-gnu/8/crtbegin.o -L/home/mikz-admin/Android/Sdk/ndk/21.0.6113669/toolchains/llvm/prebuilt/linux-x86_64/lib64/clang/9.0.8/lib/linux/x86_64 -L/usr/lib/gcc/x86_64-linux-gnu/8 -L/usr/lib/gcc/x86_64-linux-gnu/8/../../../x86_64-linux-gnu -L/usr/lib/gcc/x86_64-linux-gnu/8/../../../../lib64 -L/home/mikz-admin/Android/Sdk/ndk/21.0.6113669/toolchains/llvm/prebuilt/linux-x86_64/bin/../lib64 -L/lib/x86_64-linux-gnu -L/lib/../lib64 -L/usr/lib/x86_64-linux-gnu -L/usr/lib/../lib64 -L/usr/lib/x86_64-linux-gnu/../../lib64 -L/usr/lib/gcc/x86_64-linux-gnu/8/../../.. -L/home/mikz-admin/Android/Sdk/ndk/21.0.6113669/toolchains/llvm/prebuilt/linux-x86_64/bin/../lib -L/lib -L/usr/lib CMakeFiles/cmTC_be313.dir/CMakeCXXCompilerABI.cpp.o -lstdc++ -lm -lgcc_s -lgcc -lc -lgcc_s -lgcc /usr/lib/gcc/x86_64-linux-gnu/8/crtend.o /usr/lib/gcc/x86_64-linux-gnu/8/../../../x86_64-linux-gnu/crtn.o]
    arg [/usr/bin/ld] ==> ignore
    arg [-export-dynamic] ==> ignore
    arg [-zrelro] ==> ignore
    arg [--hash-style=gnu] ==> ignore
    arg [--eh-frame-hdr] ==> ignore
    arg [-m] ==> ignore
    arg [elf_x86_64] ==> ignore
    arg [-export-dynamic] ==> ignore
    arg [-dynamic-linker] ==> ignore
    arg [/lib64/ld-linux-x86-64.so.2] ==> ignore
    arg [-o] ==> ignore
    arg [cmTC_be313] ==> ignore
    arg [/usr/lib/gcc/x86_64-linux-gnu/8/../../../x86_64-linux-gnu/crt1.o] ==> ignore
    arg [/usr/lib/gcc/x86_64-linux-gnu/8/../../../x86_64-linux-gnu/crti.o] ==> ignore
    arg [/usr/lib/gcc/x86_64-linux-gnu/8/crtbegin.o] ==> ignore
    arg [-L/home/mikz-admin/Android/Sdk/ndk/21.0.6113669/toolchains/llvm/prebuilt/linux-x86_64/lib64/clang/9.0.8/lib/linux/x86_64] ==> dir [/home/mikz-admin/Android/Sdk/ndk/21.0.6113669/toolchains/llvm/prebuilt/linux-x86_64/lib64/clang/9.0.8/lib/linux/x86_64]
    arg [-L/usr/lib/gcc/x86_64-linux-gnu/8] ==> dir [/usr/lib/gcc/x86_64-linux-gnu/8]
    arg [-L/usr/lib/gcc/x86_64-linux-gnu/8/../../../x86_64-linux-gnu] ==> dir [/usr/lib/gcc/x86_64-linux-gnu/8/../../../x86_64-linux-gnu]
    arg [-L/usr/lib/gcc/x86_64-linux-gnu/8/../../../../lib64] ==> dir [/usr/lib/gcc/x86_64-linux-gnu/8/../../../../lib64]
    arg [-L/home/mikz-admin/Android/Sdk/ndk/21.0.6113669/toolchains/llvm/prebuilt/linux-x86_64/bin/../lib64] ==> dir [/home/mikz-admin/Android/Sdk/ndk/21.0.6113669/toolchains/llvm/prebuilt/linux-x86_64/bin/../lib64]
    arg [-L/lib/x86_64-linux-gnu] ==> dir [/lib/x86_64-linux-gnu]
    arg [-L/lib/../lib64] ==> dir [/lib/../lib64]
    arg [-L/usr/lib/x86_64-linux-gnu] ==> dir [/usr/lib/x86_64-linux-gnu]
    arg [-L/usr/lib/../lib64] ==> dir [/usr/lib/../lib64]
    arg [-L/usr/lib/x86_64-linux-gnu/../../lib64] ==> dir [/usr/lib/x86_64-linux-gnu/../../lib64]
    arg [-L/usr/lib/gcc/x86_64-linux-gnu/8/../../..] ==> dir [/usr/lib/gcc/x86_64-linux-gnu/8/../../..]
    arg [-L/home/mikz-admin/Android/Sdk/ndk/21.0.6113669/toolchains/llvm/prebuilt/linux-x86_64/bin/../lib] ==> dir [/home/mikz-admin/Android/Sdk/ndk/21.0.6113669/toolchains/llvm/prebuilt/linux-x86_64/bin/../lib]
    arg [-L/lib] ==> dir [/lib]
    arg [-L/usr/lib] ==> dir [/usr/lib]
    arg [CMakeFiles/cmTC_be313.dir/CMakeCXXCompilerABI.cpp.o] ==> ignore
    arg [-lstdc++] ==> lib [stdc++]
    arg [-lm] ==> lib [m]
    arg [-lgcc_s] ==> lib [gcc_s]
    arg [-lgcc] ==> lib [gcc]
    arg [-lc] ==> lib [c]
    arg [-lgcc_s] ==> lib [gcc_s]
    arg [-lgcc] ==> lib [gcc]
    arg [/usr/lib/gcc/x86_64-linux-gnu/8/crtend.o] ==> ignore
    arg [/usr/lib/gcc/x86_64-linux-gnu/8/../../../x86_64-linux-gnu/crtn.o] ==> ignore
  collapse library dir [/home/mikz-admin/Android/Sdk/ndk/21.0.6113669/toolchains/llvm/prebuilt/linux-x86_64/lib64/clang/9.0.8/lib/linux/x86_64] ==> [/home/mikz-admin/Android/Sdk/ndk/21.0.6113669/toolchains/llvm/prebuilt/linux-x86_64/lib64/clang/9.0.8/lib/linux/x86_64]
  collapse library dir [/usr/lib/gcc/x86_64-linux-gnu/8] ==> [/usr/lib/gcc/x86_64-linux-gnu/8]
  collapse library dir [/usr/lib/gcc/x86_64-linux-gnu/8/../../../x86_64-linux-gnu] ==> [/usr/lib/x86_64-linux-gnu]
  collapse library dir [/usr/lib/gcc/x86_64-linux-gnu/8/../../../../lib64] ==> [/usr/lib64]
  collapse library dir [/home/mikz-admin/Android/Sdk/ndk/21.0.6113669/toolchains/llvm/prebuilt/linux-x86_64/bin/../lib64] ==> [/home/mikz-admin/Android/Sdk/ndk/21.0.6113669/toolchains/llvm/prebuilt/linux-x86_64/lib64]
  collapse library dir [/lib/x86_64-linux-gnu] ==> [/lib/x86_64-linux-gnu]
  collapse library dir [/lib/../lib64] ==> [/lib64]
  collapse library dir [/usr/lib/x86_64-linux-gnu] ==> [/usr/lib/x86_64-linux-gnu]
  collapse library dir [/usr/lib/../lib64] ==> [/usr/lib64]
  collapse library dir [/usr/lib/x86_64-linux-gnu/../../lib64] ==> [/usr/lib64]
  collapse library dir [/usr/lib/gcc/x86_64-linux-gnu/8/../../..] ==> [/usr/lib]
  collapse library dir [/home/mikz-admin/Android/Sdk/ndk/21.0.6113669/toolchains/llvm/prebuilt/linux-x86_64/bin/../lib] ==> [/home/mikz-admin/Android/Sdk/ndk/21.0.6113669/toolchains/llvm/prebuilt/linux-x86_64/lib]
  collapse library dir [/lib] ==> [/lib]
  collapse library dir [/usr/lib] ==> [/usr/lib]
  implicit libs: [stdc++;m;gcc_s;gcc;c;gcc_s;gcc]
  implicit dirs: [/home/mikz-admin/Android/Sdk/ndk/21.0.6113669/toolchains/llvm/prebuilt/linux-x86_64/lib64/clang/9.0.8/lib/linux/x86_64;/usr/lib/gcc/x86_64-linux-gnu/8;/usr/lib/x86_64-linux-gnu;/usr/lib64;/home/mikz-admin/Android/Sdk/ndk/21.0.6113669/toolchains/llvm/prebuilt/linux-x86_64/lib64;/lib/x86_64-linux-gnu;/lib64;/usr/lib;/home/mikz-admin/Android/Sdk/ndk/21.0.6113669/toolchains/llvm/prebuilt/linux-x86_64/lib;/lib]
  implicit fwks: []




Detecting CXX [-std=c++2a] compiler features compiled with the following output:
Change Dir: /home/mikz-admin/Yandex.Disk/ElProArc/PVDSS/projects_linux/build-PVDSS-unknown-u041fu043e u0443u043cu043eu043bu0447u0430u043du0438u044e/CMakeFiles/CMakeTmp

Run Build Command:"/usr/bin/make" "cmTC_8a2e3/fast"
/usr/bin/make -f CMakeFiles/cmTC_8a2e3.dir/build.make CMakeFiles/cmTC_8a2e3.dir/build
make[1]: вход в каталог «/home/mikz-admin/Yandex.Disk/ElProArc/PVDSS/projects_linux/build-PVDSS-unknown-u041fu043e u0443u043cu043eu043bu0447u0430u043du0438u044e/CMakeFiles/CMakeTmp»
Building CXX object CMakeFiles/cmTC_8a2e3.dir/feature_tests.cxx.o
/home/mikz-admin/Android/Sdk/ndk/21.0.6113669/toolchains/llvm/prebuilt/linux-x86_64/bin/clang++    -std=c++2a -o CMakeFiles/cmTC_8a2e3.dir/feature_tests.cxx.o -c "/home/mikz-admin/Yandex.Disk/ElProArc/PVDSS/projects_linux/build-PVDSS-unknown-u041fu043e u0443u043cu043eu043bu0447u0430u043du0438u044e/CMakeFiles/feature_tests.cxx"
Linking CXX executable cmTC_8a2e3
/usr/bin/cmake -E cmake_link_script CMakeFiles/cmTC_8a2e3.dir/link.txt --verbose=1
/home/mikz-admin/Android/Sdk/ndk/21.0.6113669/toolchains/llvm/prebuilt/linux-x86_64/bin/clang++       -rdynamic CMakeFiles/cmTC_8a2e3.dir/feature_tests.cxx.o  -o cmTC_8a2e3 
make[1]: выход из каталога «/home/mikz-admin/Yandex.Disk/ElProArc/PVDSS/projects_linux/build-PVDSS-unknown-u041fu043e u0443u043cu043eu043bu0447u0430u043du0438u044e/CMakeFiles/CMakeTmp»


    Feature record: CXX_FEATURE:1cxx_aggregate_default_initializers
    Feature record: CXX_FEATURE:1cxx_alias_templates
    Feature record: CXX_FEATURE:1cxx_alignas
    Feature record: CXX_FEATURE:1cxx_alignof
    Feature record: CXX_FEATURE:1cxx_attributes
    Feature record: CXX_FEATURE:1cxx_attribute_deprecated
    Feature record: CXX_FEATURE:1cxx_auto_type
    Feature record: CXX_FEATURE:1cxx_binary_literals
    Feature record: CXX_FEATURE:1cxx_constexpr
    Feature record: CXX_FEATURE:1cxx_contextual_conversions
    Feature record: CXX_FEATURE:1cxx_decltype
    Feature record: CXX_FEATURE:1cxx_decltype_auto
    Feature record: CXX_FEATURE:1cxx_decltype_incomplete_return_types
    Feature record: CXX_FEATURE:1cxx_default_function_template_args
    Feature record: CXX_FEATURE:1cxx_defaulted_functions
    Feature record: CXX_FEATURE:1cxx_defaulted_move_initializers
    Feature record: CXX_FEATURE:1cxx_delegating_constructors
    Feature record: CXX_FEATURE:1cxx_deleted_functions
    Feature record: CXX_FEATURE:1cxx_digit_separators
    Feature record: CXX_FEATURE:1cxx_enum_forward_declarations
    Feature record: CXX_FEATURE:1cxx_explicit_conversions
    Feature record: CXX_FEATURE:1cxx_extended_friend_declarations
    Feature record: CXX_FEATURE:1cxx_extern_templates
    Feature record: CXX_FEATURE:1cxx_final
    Feature record: CXX_FEATURE:1cxx_func_identifier
    Feature record: CXX_FEATURE:1cxx_generalized_initializers
    Feature record: CXX_FEATURE:1cxx_generic_lambdas
    Feature record: CXX_FEATURE:1cxx_inheriting_constructors
    Feature record: CXX_FEATURE:1cxx_inline_namespaces
    Feature record: CXX_FEATURE:1cxx_lambdas
    Feature record: CXX_FEATURE:1cxx_lambda_init_captures
    Feature record: CXX_FEATURE:1cxx_local_type_template_args
    Feature record: CXX_FEATURE:1cxx_long_long_type
    Feature record: CXX_FEATURE:1cxx_noexcept
    Feature record: CXX_FEATURE:1cxx_nonstatic_member_init
    Feature record: CXX_FEATURE:1cxx_nullptr
    Feature record: CXX_FEATURE:1cxx_override
    Feature record: CXX_FEATURE:1cxx_range_for
    Feature record: CXX_FEATURE:1cxx_raw_string_literals
    Feature record: CXX_FEATURE:1cxx_reference_qualified_functions
    Feature record: CXX_FEATURE:1cxx_relaxed_constexpr
    Feature record: CXX_FEATURE:1cxx_return_type_deduction
    Feature record: CXX_FEATURE:1cxx_right_angle_brackets
    Feature record: CXX_FEATURE:1cxx_rvalue_references
    Feature record: CXX_FEATURE:1cxx_sizeof_member
    Feature record: CXX_FEATURE:1cxx_static_assert
    Feature record: CXX_FEATURE:1cxx_strong_enums
    Feature record: CXX_FEATURE:1cxx_template_template_parameters
    Feature record: CXX_FEATURE:1cxx_thread_local
    Feature record: CXX_FEATURE:1cxx_trailing_return_types
    Feature record: CXX_FEATURE:1cxx_unicode_literals
    Feature record: CXX_FEATURE:1cxx_uniform_initialization
    Feature record: CXX_FEATURE:1cxx_unrestricted_unions
    Feature record: CXX_FEATURE:1cxx_user_literals
    Feature record: CXX_FEATURE:1cxx_variable_templates
    Feature record: CXX_FEATURE:1cxx_variadic_macros
    Feature record: CXX_FEATURE:1cxx_variadic_templates


Detecting CXX [-std=c++17] compiler features compiled with the following output:
Change Dir: /home/mikz-admin/Yandex.Disk/ElProArc/PVDSS/projects_linux/build-PVDSS-unknown-u041fu043e u0443u043cu043eu043bu0447u0430u043du0438u044e/CMakeFiles/CMakeTmp

Run Build Command:"/usr/bin/make" "cmTC_1a86e/fast"
/usr/bin/make -f CMakeFiles/cmTC_1a86e.dir/build.make CMakeFiles/cmTC_1a86e.dir/build
make[1]: вход в каталог «/home/mikz-admin/Yandex.Disk/ElProArc/PVDSS/projects_linux/build-PVDSS-unknown-u041fu043e u0443u043cu043eu043bu0447u0430u043du0438u044e/CMakeFiles/CMakeTmp»
Building CXX object CMakeFiles/cmTC_1a86e.dir/feature_tests.cxx.o
/home/mikz-admin/Android/Sdk/ndk/21.0.6113669/toolchains/llvm/prebuilt/linux-x86_64/bin/clang++    -std=c++17 -o CMakeFiles/cmTC_1a86e.dir/feature_tests.cxx.o -c "/home/mikz-admin/Yandex.Disk/ElProArc/PVDSS/projects_linux/build-PVDSS-unknown-u041fu043e u0443u043cu043eu043bu0447u0430u043du0438u044e/CMakeFiles/feature_tests.cxx"
Linking CXX executable cmTC_1a86e
/usr/bin/cmake -E cmake_link_script CMakeFiles/cmTC_1a86e.dir/link.txt --verbose=1
/home/mikz-admin/Android/Sdk/ndk/21.0.6113669/toolchains/llvm/prebuilt/linux-x86_64/bin/clang++       -rdynamic CMakeFiles/cmTC_1a86e.dir/feature_tests.cxx.o  -o cmTC_1a86e 
make[1]: выход из каталога «/home/mikz-admin/Yandex.Disk/ElProArc/PVDSS/projects_linux/build-PVDSS-unknown-u041fu043e u0443u043cu043eu043bu0447u0430u043du0438u044e/CMakeFiles/CMakeTmp»


    Feature record: CXX_FEATURE:1cxx_aggregate_default_initializers
    Feature record: CXX_FEATURE:1cxx_alias_templates
    Feature record: CXX_FEATURE:1cxx_alignas
    Feature record: CXX_FEATURE:1cxx_alignof
    Feature record: CXX_FEATURE:1cxx_attributes
    Feature record: CXX_FEATURE:1cxx_attribute_deprecated
    Feature record: CXX_FEATURE:1cxx_auto_type
    Feature record: CXX_FEATURE:1cxx_binary_literals
    Feature record: CXX_FEATURE:1cxx_constexpr
    Feature record: CXX_FEATURE:1cxx_contextual_conversions
    Feature record: CXX_FEATURE:1cxx_decltype
    Feature record: CXX_FEATURE:1cxx_decltype_auto
    Feature record: CXX_FEATURE:1cxx_decltype_incomplete_return_types
    Feature record: CXX_FEATURE:1cxx_default_function_template_args
    Feature record: CXX_FEATURE:1cxx_defaulted_functions
    Feature record: CXX_FEATURE:1cxx_defaulted_move_initializers
    Feature record: CXX_FEATURE:1cxx_delegating_constructors
    Feature record: CXX_FEATURE:1cxx_deleted_functions
    Feature record: CXX_FEATURE:1cxx_digit_separators
    Feature record: CXX_FEATURE:1cxx_enum_forward_declarations
    Feature record: CXX_FEATURE:1cxx_explicit_conversions
    Feature record: CXX_FEATURE:1cxx_extended_friend_declarations
    Feature record: CXX_FEATURE:1cxx_extern_templates
    Feature record: CXX_FEATURE:1cxx_final
    Feature record: CXX_FEATURE:1cxx_func_identifier
    Feature record: CXX_FEATURE:1cxx_generalized_initializers
    Feature record: CXX_FEATURE:1cxx_generic_lambdas
    Feature record: CXX_FEATURE:1cxx_inheriting_constructors
    Feature record: CXX_FEATURE:1cxx_inline_namespaces
    Feature record: CXX_FEATURE:1cxx_lambdas
    Feature record: CXX_FEATURE:1cxx_lambda_init_captures
    Feature record: CXX_FEATURE:1cxx_local_type_template_args
    Feature record: CXX_FEATURE:1cxx_long_long_type
    Feature record: CXX_FEATURE:1cxx_noexcept
    Feature record: CXX_FEATURE:1cxx_nonstatic_member_init
    Feature record: CXX_FEATURE:1cxx_nullptr
    Feature record: CXX_FEATURE:1cxx_override
    Feature record: CXX_FEATURE:1cxx_range_for
    Feature record: CXX_FEATURE:1cxx_raw_string_literals
    Feature record: CXX_FEATURE:1cxx_reference_qualified_functions
    Feature record: CXX_FEATURE:1cxx_relaxed_constexpr
    Feature record: CXX_FEATURE:1cxx_return_type_deduction
    Feature record: CXX_FEATURE:1cxx_right_angle_brackets
    Feature record: CXX_FEATURE:1cxx_rvalue_references
    Feature record: CXX_FEATURE:1cxx_sizeof_member
    Feature record: CXX_FEATURE:1cxx_static_assert
    Feature record: CXX_FEATURE:1cxx_strong_enums
    Feature record: CXX_FEATURE:1cxx_template_template_parameters
    Feature record: CXX_FEATURE:1cxx_thread_local
    Feature record: CXX_FEATURE:1cxx_trailing_return_types
    Feature record: CXX_FEATURE:1cxx_unicode_literals
    Feature record: CXX_FEATURE:1cxx_uniform_initialization
    Feature record: CXX_FEATURE:1cxx_unrestricted_unions
    Feature record: CXX_FEATURE:1cxx_user_literals
    Feature record: CXX_FEATURE:1cxx_variable_templates
    Feature record: CXX_FEATURE:1cxx_variadic_macros
    Feature record: CXX_FEATURE:1cxx_variadic_templates


Detecting CXX [-std=c++14] compiler features compiled with the following output:
Change Dir: /home/mikz-admin/Yandex.Disk/ElProArc/PVDSS/projects_linux/build-PVDSS-unknown-u041fu043e u0443u043cu043eu043bu0447u0430u043du0438u044e/CMakeFiles/CMakeTmp

Run Build Command:"/usr/bin/make" "cmTC_63cb7/fast"
/usr/bin/make -f CMakeFiles/cmTC_63cb7.dir/build.make CMakeFiles/cmTC_63cb7.dir/build
make[1]: вход в каталог «/home/mikz-admin/Yandex.Disk/ElProArc/PVDSS/projects_linux/build-PVDSS-unknown-u041fu043e u0443u043cu043eu043bu0447u0430u043du0438u044e/CMakeFiles/CMakeTmp»
Building CXX object CMakeFiles/cmTC_63cb7.dir/feature_tests.cxx.o
/home/mikz-admin/Android/Sdk/ndk/21.0.6113669/toolchains/llvm/prebuilt/linux-x86_64/bin/clang++    -std=c++14 -o CMakeFiles/cmTC_63cb7.dir/feature_tests.cxx.o -c "/home/mikz-admin/Yandex.Disk/ElProArc/PVDSS/projects_linux/build-PVDSS-unknown-u041fu043e u0443u043cu043eu043bu0447u0430u043du0438u044e/CMakeFiles/feature_tests.cxx"
Linking CXX executable cmTC_63cb7
/usr/bin/cmake -E cmake_link_script CMakeFiles/cmTC_63cb7.dir/link.txt --verbose=1
/home/mikz-admin/Android/Sdk/ndk/21.0.6113669/toolchains/llvm/prebuilt/linux-x86_64/bin/clang++       -rdynamic CMakeFiles/cmTC_63cb7.dir/feature_tests.cxx.o  -o cmTC_63cb7 
make[1]: выход из каталога «/home/mikz-admin/Yandex.Disk/ElProArc/PVDSS/projects_linux/build-PVDSS-unknown-u041fu043e u0443u043cu043eu043bu0447u0430u043du0438u044e/CMakeFiles/CMakeTmp»


    Feature record: CXX_FEATURE:1cxx_aggregate_default_initializers
    Feature record: CXX_FEATURE:1cxx_alias_templates
    Feature record: CXX_FEATURE:1cxx_alignas
    Feature record: CXX_FEATURE:1cxx_alignof
    Feature record: CXX_FEATURE:1cxx_attributes
    Feature record: CXX_FEATURE:1cxx_attribute_deprecated
    Feature record: CXX_FEATURE:1cxx_auto_type
    Feature record: CXX_FEATURE:1cxx_binary_literals
    Feature record: CXX_FEATURE:1cxx_constexpr
    Feature record: CXX_FEATURE:1cxx_contextual_conversions
    Feature record: CXX_FEATURE:1cxx_decltype
    Feature record: CXX_FEATURE:1cxx_decltype_auto
    Feature record: CXX_FEATURE:1cxx_decltype_incomplete_return_types
    Feature record: CXX_FEATURE:1cxx_default_function_template_args
    Feature record: CXX_FEATURE:1cxx_defaulted_functions
    Feature record: CXX_FEATURE:1cxx_defaulted_move_initializers
    Feature record: CXX_FEATURE:1cxx_delegating_constructors
    Feature record: CXX_FEATURE:1cxx_deleted_functions
    Feature record: CXX_FEATURE:1cxx_digit_separators
    Feature record: CXX_FEATURE:1cxx_enum_forward_declarations
    Feature record: CXX_FEATURE:1cxx_explicit_conversions
    Feature record: CXX_FEATURE:1cxx_extended_friend_declarations
    Feature record: CXX_FEATURE:1cxx_extern_templates
    Feature record: CXX_FEATURE:1cxx_final
    Feature record: CXX_FEATURE:1cxx_func_identifier
    Feature record: CXX_FEATURE:1cxx_generalized_initializers
    Feature record: CXX_FEATURE:1cxx_generic_lambdas
    Feature record: CXX_FEATURE:1cxx_inheriting_constructors
    Feature record: CXX_FEATURE:1cxx_inline_namespaces
    Feature record: CXX_FEATURE:1cxx_lambdas
    Feature record: CXX_FEATURE:1cxx_lambda_init_captures
    Feature record: CXX_FEATURE:1cxx_local_type_template_args
    Feature record: CXX_FEATURE:1cxx_long_long_type
    Feature record: CXX_FEATURE:1cxx_noexcept
    Feature record: CXX_FEATURE:1cxx_nonstatic_member_init
    Feature record: CXX_FEATURE:1cxx_nullptr
    Feature record: CXX_FEATURE:1cxx_override
    Feature record: CXX_FEATURE:1cxx_range_for
    Feature record: CXX_FEATURE:1cxx_raw_string_literals
    Feature record: CXX_FEATURE:1cxx_reference_qualified_functions
    Feature record: CXX_FEATURE:1cxx_relaxed_constexpr
    Feature record: CXX_FEATURE:1cxx_return_type_deduction
    Feature record: CXX_FEATURE:1cxx_right_angle_brackets
    Feature record: CXX_FEATURE:1cxx_rvalue_references
    Feature record: CXX_FEATURE:1cxx_sizeof_member
    Feature record: CXX_FEATURE:1cxx_static_assert
    Feature record: CXX_FEATURE:1cxx_strong_enums
    Feature record: CXX_FEATURE:1cxx_template_template_parameters
    Feature record: CXX_FEATURE:1cxx_thread_local
    Feature record: CXX_FEATURE:1cxx_trailing_return_types
    Feature record: CXX_FEATURE:1cxx_unicode_literals
    Feature record: CXX_FEATURE:1cxx_uniform_initialization
    Feature record: CXX_FEATURE:1cxx_unrestricted_unions
    Feature record: CXX_FEATURE:1cxx_user_literals
    Feature record: CXX_FEATURE:1cxx_variable_templates
    Feature record: CXX_FEATURE:1cxx_variadic_macros
    Feature record: CXX_FEATURE:1cxx_variadic_templates


Detecting CXX [-std=c++11] compiler features compiled with the following output:
Change Dir: /home/mikz-admin/Yandex.Disk/ElProArc/PVDSS/projects_linux/build-PVDSS-unknown-u041fu043e u0443u043cu043eu043bu0447u0430u043du0438u044e/CMakeFiles/CMakeTmp

Run Build Command:"/usr/bin/make" "cmTC_d0950/fast"
/usr/bin/make -f CMakeFiles/cmTC_d0950.dir/build.make CMakeFiles/cmTC_d0950.dir/build
make[1]: вход в каталог «/home/mikz-admin/Yandex.Disk/ElProArc/PVDSS/projects_linux/build-PVDSS-unknown-u041fu043e u0443u043cu043eu043bu0447u0430u043du0438u044e/CMakeFiles/CMakeTmp»
Building CXX object CMakeFiles/cmTC_d0950.dir/feature_tests.cxx.o
/home/mikz-admin/Android/Sdk/ndk/21.0.6113669/toolchains/llvm/prebuilt/linux-x86_64/bin/clang++    -std=c++11 -o CMakeFiles/cmTC_d0950.dir/feature_tests.cxx.o -c "/home/mikz-admin/Yandex.Disk/ElProArc/PVDSS/projects_linux/build-PVDSS-unknown-u041fu043e u0443u043cu043eu043bu0447u0430u043du0438u044e/CMakeFiles/feature_tests.cxx"
Linking CXX executable cmTC_d0950
/usr/bin/cmake -E cmake_link_script CMakeFiles/cmTC_d0950.dir/link.txt --verbose=1
/home/mikz-admin/Android/Sdk/ndk/21.0.6113669/toolchains/llvm/prebuilt/linux-x86_64/bin/clang++       -rdynamic CMakeFiles/cmTC_d0950.dir/feature_tests.cxx.o  -o cmTC_d0950 
make[1]: выход из каталога «/home/mikz-admin/Yandex.Disk/ElProArc/PVDSS/projects_linux/build-PVDSS-unknown-u041fu043e u0443u043cu043eu043bu0447u0430u043du0438u044e/CMakeFiles/CMakeTmp»


    Feature record: CXX_FEATURE:0cxx_aggregate_default_initializers
    Feature record: CXX_FEATURE:1cxx_alias_templates
    Feature record: CXX_FEATURE:1cxx_alignas
    Feature record: CXX_FEATURE:1cxx_alignof
    Feature record: CXX_FEATURE:1cxx_attributes
    Feature record: CXX_FEATURE:0cxx_attribute_deprecated
    Feature record: CXX_FEATURE:1cxx_auto_type
    Feature record: CXX_FEATURE:0cxx_binary_literals
    Feature record: CXX_FEATURE:1cxx_constexpr
    Feature record: CXX_FEATURE:0cxx_contextual_conversions
    Feature record: CXX_FEATURE:1cxx_decltype
    Feature record: CXX_FEATURE:0cxx_decltype_auto
    Feature record: CXX_FEATURE:1cxx_decltype_incomplete_return_types
    Feature record: CXX_FEATURE:1cxx_default_function_template_args
    Feature record: CXX_FEATURE:1cxx_defaulted_functions
    Feature record: CXX_FEATURE:1cxx_defaulted_move_initializers
    Feature record: CXX_FEATURE:1cxx_delegating_constructors
    Feature record: CXX_FEATURE:1cxx_deleted_functions
    Feature record: CXX_FEATURE:0cxx_digit_separators
    Feature record: CXX_FEATURE:1cxx_enum_forward_declarations
    Feature record: CXX_FEATURE:1cxx_explicit_conversions
    Feature record: CXX_FEATURE:1cxx_extended_friend_declarations
    Feature record: CXX_FEATURE:1cxx_extern_templates
    Feature record: CXX_FEATURE:1cxx_final
    Feature record: CXX_FEATURE:1cxx_func_identifier
    Feature record: CXX_FEATURE:1cxx_generalized_initializers
    Feature record: CXX_FEATURE:0cxx_generic_lambdas
    Feature record: CXX_FEATURE:1cxx_inheriting_constructors
    Feature record: CXX_FEATURE:1cxx_inline_namespaces
    Feature record: CXX_FEATURE:1cxx_lambdas
    Feature record: CXX_FEATURE:0cxx_lambda_init_captures
    Feature record: CXX_FEATURE:1cxx_local_type_template_args
    Feature record: CXX_FEATURE:1cxx_long_long_type
    Feature record: CXX_FEATURE:1cxx_noexcept
    Feature record: CXX_FEATURE:1cxx_nonstatic_member_init
    Feature record: CXX_FEATURE:1cxx_nullptr
    Feature record: CXX_FEATURE:1cxx_override
    Feature record: CXX_FEATURE:1cxx_range_for
    Feature record: CXX_FEATURE:1cxx_raw_string_literals
    Feature record: CXX_FEATURE:1cxx_reference_qualified_functions
    Feature record: CXX_FEATURE:0cxx_relaxed_constexpr
    Feature record: CXX_FEATURE:0cxx_return_type_deduction
    Feature record: CXX_FEATURE:1cxx_right_angle_brackets
    Feature record: CXX_FEATURE:1cxx_rvalue_references
    Feature record: CXX_FEATURE:1cxx_sizeof_member
    Feature record: CXX_FEATURE:1cxx_static_assert
    Feature record: CXX_FEATURE:1cxx_strong_enums
    Feature record: CXX_FEATURE:1cxx_template_template_parameters
    Feature record: CXX_FEATURE:1cxx_thread_local
    Feature record: CXX_FEATURE:1cxx_trailing_return_types
    Feature record: CXX_FEATURE:1cxx_unicode_literals
    Feature record: CXX_FEATURE:1cxx_uniform_initialization
    Feature record: CXX_FEATURE:1cxx_unrestricted_unions
    Feature record: CXX_FEATURE:1cxx_user_literals
    Feature record: CXX_FEATURE:0cxx_variable_templates
    Feature record: CXX_FEATURE:1cxx_variadic_macros
    Feature record: CXX_FEATURE:1cxx_variadic_templates


Detecting CXX [-std=c++98] compiler features compiled with the following output:
Change Dir: /home/mikz-admin/Yandex.Disk/ElProArc/PVDSS/projects_linux/build-PVDSS-unknown-u041fu043e u0443u043cu043eu043bu0447u0430u043du0438u044e/CMakeFiles/CMakeTmp

Run Build Command:"/usr/bin/make" "cmTC_e090f/fast"
/usr/bin/make -f CMakeFiles/cmTC_e090f.dir/build.make CMakeFiles/cmTC_e090f.dir/build
make[1]: вход в каталог «/home/mikz-admin/Yandex.Disk/ElProArc/PVDSS/projects_linux/build-PVDSS-unknown-u041fu043e u0443u043cu043eu043bu0447u0430u043du0438u044e/CMakeFiles/CMakeTmp»
Building CXX object CMakeFiles/cmTC_e090f.dir/feature_tests.cxx.o
/home/mikz-admin/Android/Sdk/ndk/21.0.6113669/toolchains/llvm/prebuilt/linux-x86_64/bin/clang++    -std=c++98 -o CMakeFiles/cmTC_e090f.dir/feature_tests.cxx.o -c "/home/mikz-admin/Yandex.Disk/ElProArc/PVDSS/projects_linux/build-PVDSS-unknown-u041fu043e u0443u043cu043eu043bu0447u0430u043du0438u044e/CMakeFiles/feature_tests.cxx"
Linking CXX executable cmTC_e090f
/usr/bin/cmake -E cmake_link_script CMakeFiles/cmTC_e090f.dir/link.txt --verbose=1
/home/mikz-admin/Android/Sdk/ndk/21.0.6113669/toolchains/llvm/prebuilt/linux-x86_64/bin/clang++       -rdynamic CMakeFiles/cmTC_e090f.dir/feature_tests.cxx.o  -o cmTC_e090f 
make[1]: выход из каталога «/home/mikz-admin/Yandex.Disk/ElProArc/PVDSS/projects_linux/build-PVDSS-unknown-u041fu043e u0443u043cu043eu043bu0447u0430u043du0438u044e/CMakeFiles/CMakeTmp»


    Feature record: CXX_FEATURE:0cxx_aggregate_default_initializers
    Feature record: CXX_FEATURE:0cxx_alias_templates
    Feature record: CXX_FEATURE:0cxx_alignas
    Feature record: CXX_FEATURE:0cxx_alignof
    Feature record: CXX_FEATURE:0cxx_attributes
    Feature record: CXX_FEATURE:0cxx_attribute_deprecated
    Feature record: CXX_FEATURE:0cxx_auto_type
    Feature record: CXX_FEATURE:0cxx_binary_literals
    Feature record: CXX_FEATURE:0cxx_constexpr
    Feature record: CXX_FEATURE:0cxx_contextual_conversions
    Feature record: CXX_FEATURE:0cxx_decltype
    Feature record: CXX_FEATURE:0cxx_decltype_auto
    Feature record: CXX_FEATURE:0cxx_decltype_incomplete_return_types
    Feature record: CXX_FEATURE:0cxx_default_function_template_args
    Feature record: CXX_FEATURE:0cxx_defaulted_functions
    Feature record: CXX_FEATURE:0cxx_defaulted_move_initializers
    Feature record: CXX_FEATURE:0cxx_delegating_constructors
    Feature record: CXX_FEATURE:0cxx_deleted_functions
    Feature record: CXX_FEATURE:0cxx_digit_separators
    Feature record: CXX_FEATURE:0cxx_enum_forward_declarations
    Feature record: CXX_FEATURE:0cxx_explicit_conversions
    Feature record: CXX_FEATURE:0cxx_extended_friend_declarations
    Feature record: CXX_FEATURE:0cxx_extern_templates
    Feature record: CXX_FEATURE:0cxx_final
    Feature record: CXX_FEATURE:0cxx_func_identifier
    Feature record: CXX_FEATURE:0cxx_generalized_initializers
    Feature record: CXX_FEATURE:0cxx_generic_lambdas
    Feature record: CXX_FEATURE:0cxx_inheriting_constructors
    Feature record: CXX_FEATURE:0cxx_inline_namespaces
    Feature record: CXX_FEATURE:0cxx_lambdas
    Feature record: CXX_FEATURE:0cxx_lambda_init_captures
    Feature record: CXX_FEATURE:0cxx_local_type_template_args
    Feature record: CXX_FEATURE:0cxx_long_long_type
    Feature record: CXX_FEATURE:0cxx_noexcept
    Feature record: CXX_FEATURE:0cxx_nonstatic_member_init
    Feature record: CXX_FEATURE:0cxx_nullptr
    Feature record: CXX_FEATURE:0cxx_override
    Feature record: CXX_FEATURE:0cxx_range_for
    Feature record: CXX_FEATURE:0cxx_raw_string_literals
    Feature record: CXX_FEATURE:0cxx_reference_qualified_functions
    Feature record: CXX_FEATURE:0cxx_relaxed_constexpr
    Feature record: CXX_FEATURE:0cxx_return_type_deduction
    Feature record: CXX_FEATURE:0cxx_right_angle_brackets
    Feature record: CXX_FEATURE:0cxx_rvalue_references
    Feature record: CXX_FEATURE:0cxx_sizeof_member
    Feature record: CXX_FEATURE:0cxx_static_assert
    Feature record: CXX_FEATURE:0cxx_strong_enums
    Feature record: CXX_FEATURE:1cxx_template_template_parameters
    Feature record: CXX_FEATURE:0cxx_thread_local
    Feature record: CXX_FEATURE:0cxx_trailing_return_types
    Feature record: CXX_FEATURE:0cxx_unicode_literals
    Feature record: CXX_FEATURE:0cxx_uniform_initialization
    Feature record: CXX_FEATURE:0cxx_unrestricted_unions
    Feature record: CXX_FEATURE:0cxx_user_literals
    Feature record: CXX_FEATURE:0cxx_variable_templates
    Feature record: CXX_FEATURE:0cxx_variadic_macros
    Feature record: CXX_FEATURE:0cxx_variadic_templates
Determining if the Q_WS_X11 exist passed with the following output:
Change Dir: /home/mikz-admin/Yandex.Disk/ElProArc/PVDSS/projects_linux/build-PVDSS-unknown-u041fu043e u0443u043cu043eu043bu0447u0430u043du0438u044e/CMakeFiles/CMakeTmp

Run Build Command:"/usr/bin/make" "cmTC_fe227/fast"
/usr/bin/make -f CMakeFiles/cmTC_fe227.dir/build.make CMakeFiles/cmTC_fe227.dir/build
make[1]: вход в каталог «/home/mikz-admin/Yandex.Disk/ElProArc/PVDSS/projects_linux/build-PVDSS-unknown-u041fu043e u0443u043cu043eu043bu0447u0430u043du0438u044e/CMakeFiles/CMakeTmp»
Building CXX object CMakeFiles/cmTC_fe227.dir/CheckSymbolExists.cxx.o
/home/mikz-admin/Android/Sdk/ndk/21.0.6113669/toolchains/llvm/prebuilt/linux-x86_64/bin/clang++   -I/usr/include/qt4   -o CMakeFiles/cmTC_fe227.dir/CheckSymbolExists.cxx.o -c "/home/mikz-admin/Yandex.Disk/ElProArc/PVDSS/projects_linux/build-PVDSS-unknown-u041fu043e u0443u043cu043eu043bu0447u0430u043du0438u044e/CMakeFiles/CMakeTmp/CheckSymbolExists.cxx"
Linking CXX executable cmTC_fe227
/usr/bin/cmake -E cmake_link_script CMakeFiles/cmTC_fe227.dir/link.txt --verbose=1
/home/mikz-admin/Android/Sdk/ndk/21.0.6113669/toolchains/llvm/prebuilt/linux-x86_64/bin/clang++       -rdynamic CMakeFiles/cmTC_fe227.dir/CheckSymbolExists.cxx.o  -o cmTC_fe227 
make[1]: выход из каталога «/home/mikz-admin/Yandex.Disk/ElProArc/PVDSS/projects_linux/build-PVDSS-unknown-u041fu043e u0443u043cu043eu043bu0447u0430u043du0438u044e/CMakeFiles/CMakeTmp»

File /home/mikz-admin/Yandex.Disk/ElProArc/PVDSS/projects_linux/build-PVDSS-unknown-u041fu043e u0443u043cu043eu043bu0447u0430u043du0438u044e/CMakeFiles/CMakeTmp/CheckSymbolExists.cxx:
/* */
#include <QtCore/qglobal.h>

int main(int argc, char** argv)
{
  (void)argv;
#ifndef Q_WS_X11
  return ((int*)(&Q_WS_X11))[argc];
#else
  (void)argc;
  return 0;
#endif
}

